TN:
SF:app.js
FN:15,(anonymous_0)
FNF:1
FNH:0
FNDA:0,(anonymous_0)
DA:1,1
DA:2,1
DA:3,1
DA:4,1
DA:5,1
DA:6,1
DA:8,1
DA:9,1
DA:10,1
DA:12,1
DA:13,1
DA:15,1
DA:16,0
DA:19,1
LF:14
LH:13
BRDA:6,0,0,1
BRDA:6,0,1,1
BRF:2
BRH:2
end_of_record
TN:
SF:controllers\categoryController.js
FN:4,(anonymous_0)
FN:14,(anonymous_1)
FN:27,(anonymous_2)
FN:37,(anonymous_3)
FN:64,(anonymous_4)
FNF:5
FNH:2
FNDA:1,(anonymous_0)
FNDA:5,(anonymous_1)
FNDA:0,(anonymous_2)
FNDA:0,(anonymous_3)
FNDA:0,(anonymous_4)
DA:1,1
DA:5,1
DA:6,1
DA:8,0
DA:10,1
DA:15,5
DA:16,5
DA:17,5
DA:21,0
DA:23,5
DA:28,0
DA:29,0
DA:30,0
DA:31,0
DA:33,0
DA:38,0
DA:39,0
DA:40,0
DA:41,0
DA:42,0
DA:44,0
DA:45,0
DA:47,0
DA:58,0
DA:60,0
DA:65,0
DA:66,0
DA:67,0
DA:72,0
DA:74,0
DA:79,1
LF:31
LH:9
BRDA:41,0,0,0
BRDA:41,0,1,0
BRDA:44,1,0,0
BRDA:44,1,1,0
BRF:4
BRH:0
end_of_record
TN:
SF:controllers\eventController.js
FN:4,(anonymous_0)
FN:18,(anonymous_1)
FN:40,(anonymous_2)
FN:73,(anonymous_3)
FN:138,(anonymous_4)
FN:152,(anonymous_5)
FNF:6
FNH:3
FNDA:1,(anonymous_0)
FNDA:0,(anonymous_1)
FNDA:20,(anonymous_2)
FNDA:18,(anonymous_3)
FNDA:0,(anonymous_4)
FNDA:0,(anonymous_5)
DA:1,1
DA:5,1
DA:6,1
DA:12,0
DA:14,1
DA:19,0
DA:20,0
DA:21,0
DA:35,0
DA:37,0
DA:41,20
DA:42,20
DA:54,20
DA:55,20
DA:67,0
DA:69,20
DA:74,18
DA:75,18
DA:86,18
DA:87,18
DA:88,1
DA:90,17
DA:91,2
DA:93,15
DA:94,2
DA:96,13
DA:97,2
DA:99,11
DA:100,2
DA:102,9
DA:103,2
DA:105,7
DA:106,2
DA:108,5
DA:109,2
DA:111,3
DA:112,2
DA:114,1
DA:132,0
DA:134,18
DA:139,0
DA:140,0
DA:141,0
DA:146,0
DA:148,0
DA:153,0
DA:154,0
DA:155,0
DA:163,0
DA:165,0
DA:170,1
LF:51
LH:33
BRDA:87,0,0,1
BRDA:87,0,1,17
BRDA:90,1,0,2
BRDA:90,1,1,15
BRDA:93,2,0,2
BRDA:93,2,1,13
BRDA:96,3,0,2
BRDA:96,3,1,11
BRDA:99,4,0,2
BRDA:99,4,1,9
BRDA:102,5,0,2
BRDA:102,5,1,7
BRDA:105,6,0,2
BRDA:105,6,1,5
BRDA:108,7,0,2
BRDA:108,7,1,3
BRDA:111,8,0,2
BRDA:111,8,1,1
BRF:18
BRH:18
end_of_record
TN:
SF:controllers\invitationController.js
FN:5,(anonymous_0)
FN:21,(anonymous_1)
FN:43,(anonymous_2)
FN:56,(anonymous_3)
FN:105,(anonymous_4)
FN:151,(anonymous_5)
FN:171,(anonymous_6)
FNF:7
FNH:1
FNDA:0,(anonymous_0)
FNDA:0,(anonymous_1)
FNDA:0,(anonymous_2)
FNDA:0,(anonymous_3)
FNDA:0,(anonymous_4)
FNDA:1,(anonymous_5)
FNDA:0,(anonymous_6)
DA:1,1
DA:2,1
DA:6,0
DA:7,0
DA:8,0
DA:9,0
DA:16,0
DA:18,0
DA:22,0
DA:23,0
DA:24,0
DA:25,0
DA:26,0
DA:28,0
DA:38,0
DA:40,0
DA:44,0
DA:45,0
DA:46,0
DA:51,0
DA:53,0
DA:57,0
DA:60,0
DA:61,0
DA:63,0
DA:74,0
DA:76,0
DA:77,0
DA:88,0
DA:98,0
DA:99,0
DA:101,0
DA:102,0
DA:106,0
DA:107,0
DA:108,0
DA:109,0
DA:120,0
DA:122,0
DA:123,0
DA:134,0
DA:144,0
DA:145,0
DA:147,0
DA:148,0
DA:152,1
DA:153,1
DA:154,1
DA:165,0
DA:166,0
DA:168,1
DA:172,0
DA:173,0
DA:174,0
DA:182,0
DA:184,0
DA:189,1
LF:57
LH:7
BRDA:25,0,0,0
BRDA:25,0,1,0
BRDA:76,1,0,0
BRDA:76,1,1,0
BRDA:122,2,0,0
BRDA:122,2,1,0
BRF:6
BRH:0
end_of_record
TN:
SF:controllers\magnetController.js
FN:4,(anonymous_0)
FN:12,(anonymous_1)
FN:45,(anonymous_2)
FN:102,(anonymous_3)
FN:116,(anonymous_4)
FN:136,(anonymous_5)
FN:160,(anonymous_6)
FN:163,(anonymous_7)
FNF:8
FNH:2
FNDA:0,(anonymous_0)
FNDA:9,(anonymous_1)
FNDA:0,(anonymous_2)
FNDA:0,(anonymous_3)
FNDA:2,(anonymous_4)
FNDA:0,(anonymous_5)
FNDA:0,(anonymous_6)
FNDA:0,(anonymous_7)
DA:1,1
DA:5,0
DA:6,0
DA:7,0
DA:9,0
DA:13,9
DA:23,9
DA:24,9
DA:35,0
DA:41,9
DA:46,0
DA:47,0
DA:56,0
DA:58,0
DA:59,0
DA:61,0
DA:62,0
DA:64,0
DA:65,0
DA:67,0
DA:68,0
DA:70,0
DA:71,0
DA:73,0
DA:74,0
DA:79,0
DA:95,0
DA:98,0
DA:103,0
DA:104,0
DA:106,0
DA:111,0
DA:113,0
DA:117,2
DA:118,2
DA:119,2
DA:128,0
DA:129,0
DA:131,0
DA:133,2
DA:137,0
DA:138,0
DA:139,0
DA:147,0
DA:153,0
DA:159,0
DA:160,0
DA:161,0
DA:163,0
DA:164,0
DA:166,0
DA:169,0
DA:174,1
LF:53
LH:10
BRDA:58,0,0,0
BRDA:58,0,1,0
BRDA:61,1,0,0
BRDA:61,1,1,0
BRDA:64,2,0,0
BRDA:64,2,1,0
BRDA:67,3,0,0
BRDA:67,3,1,0
BRDA:70,4,0,0
BRDA:70,4,1,0
BRDA:73,5,0,0
BRDA:73,5,1,0
BRDA:128,6,0,0
BRDA:128,6,1,0
BRF:14
BRH:0
end_of_record
TN:
SF:controllers\requestController.js
FN:5,(anonymous_0)
FN:26,(anonymous_1)
FN:35,(anonymous_2)
FN:62,(anonymous_3)
FN:84,(anonymous_4)
FN:97,(anonymous_5)
FN:145,(anonymous_6)
FNF:7
FNH:1
FNDA:1,(anonymous_0)
FNDA:0,(anonymous_1)
FNDA:0,(anonymous_2)
FNDA:0,(anonymous_3)
FNDA:0,(anonymous_4)
FNDA:0,(anonymous_5)
FNDA:0,(anonymous_6)
DA:1,1
DA:2,1
DA:6,1
DA:7,1
DA:8,1
DA:20,0
DA:22,1
DA:23,1
DA:27,0
DA:28,0
DA:29,0
DA:30,0
DA:32,0
DA:36,0
DA:38,0
DA:39,0
DA:40,0
DA:42,0
DA:49,0
DA:54,0
DA:59,0
DA:63,0
DA:64,0
DA:65,0
DA:66,0
DA:67,0
DA:69,0
DA:79,0
DA:81,0
DA:85,0
DA:86,0
DA:87,0
DA:92,0
DA:94,0
DA:98,0
DA:99,0
DA:100,0
DA:102,0
DA:113,0
DA:115,0
DA:116,0
DA:128,0
DA:138,0
DA:139,0
DA:141,0
DA:142,0
DA:146,0
DA:148,0
DA:149,0
DA:150,0
DA:151,0
DA:152,0
DA:162,0
DA:163,0
DA:164,0
DA:175,0
DA:177,0
DA:178,0
DA:190,0
DA:200,0
DA:201,0
DA:204,0
DA:205,0
DA:210,1
LF:64
LH:8
BRDA:66,0,0,0
BRDA:66,0,1,0
BRDA:115,1,0,0
BRDA:115,1,1,0
BRDA:151,2,0,0
BRDA:151,2,1,0
BRDA:163,3,0,0
BRDA:163,3,1,0
BRDA:177,4,0,0
BRDA:177,4,1,0
BRF:10
BRH:0
end_of_record
TN:
SF:middlewares\authorization.js
FN:3,ageAuthorizationBeforeCreateInvitation
FN:35,magnetAuthorization
FN:57,invitationAuthorization
FN:82,requestAuthorization
FN:105,acceptRequestAuthorization2
FN:133,acceptInvitationAuthorization
FN:162,acceptRequestAuthorization
FNF:7
FNH:6
FNDA:0,ageAuthorizationBeforeCreateInvitation
FNDA:16,magnetAuthorization
FNDA:10,invitationAuthorization
FNDA:8,requestAuthorization
FNDA:3,acceptRequestAuthorization2
FNDA:5,acceptInvitationAuthorization
FNDA:6,acceptRequestAuthorization
DA:1,1
DA:4,0
DA:7,0
DA:8,0
DA:9,0
DA:10,0
DA:11,0
DA:12,0
DA:14,0
DA:16,0
DA:26,0
DA:28,0
DA:31,0
DA:36,16
DA:37,16
DA:38,16
DA:40,16
DA:45,0
DA:46,0
DA:48,0
DA:49,0
DA:50,0
DA:52,0
DA:54,16
DA:58,10
DA:59,10
DA:60,10
DA:61,10
DA:69,0
DA:70,0
DA:72,0
DA:73,0
DA:75,0
DA:77,0
DA:79,10
DA:83,8
DA:84,8
DA:85,8
DA:86,8
DA:92,0
DA:93,0
DA:95,0
DA:96,0
DA:98,0
DA:100,0
DA:102,8
DA:106,3
DA:107,3
DA:108,3
DA:109,3
DA:117,0
DA:118,0
DA:120,0
DA:121,0
DA:123,0
DA:124,0
DA:126,0
DA:128,0
DA:130,3
DA:134,5
DA:135,5
DA:136,5
DA:138,5
DA:144,0
DA:145,0
DA:147,0
DA:148,0
DA:150,0
DA:151,0
DA:153,0
DA:154,0
DA:156,0
DA:157,0
DA:159,5
DA:163,6
DA:164,6
DA:165,6
DA:166,6
DA:172,0
DA:173,0
DA:177,0
DA:178,0
DA:180,0
DA:181,0
DA:183,0
DA:184,0
DA:186,0
DA:187,0
DA:189,6
DA:193,1
LF:90
LH:32
BRDA:10,0,0,0
BRDA:10,0,1,0
BRDA:11,1,0,0
BRDA:11,1,1,0
BRDA:16,2,0,0
BRDA:16,2,1,0
BRDA:17,3,0,0
BRDA:17,3,1,0
BRDA:45,4,0,0
BRDA:45,4,1,0
BRDA:49,5,0,0
BRDA:49,5,1,0
BRDA:69,6,0,0
BRDA:69,6,1,0
BRDA:72,7,0,0
BRDA:72,7,1,0
BRDA:92,8,0,0
BRDA:92,8,1,0
BRDA:95,9,0,0
BRDA:95,9,1,0
BRDA:117,10,0,0
BRDA:117,10,1,0
BRDA:120,11,0,0
BRDA:120,11,1,0
BRDA:123,12,0,0
BRDA:123,12,1,0
BRDA:144,13,0,0
BRDA:144,13,1,0
BRDA:147,14,0,0
BRDA:147,14,1,0
BRDA:150,15,0,0
BRDA:150,15,1,0
BRDA:153,16,0,0
BRDA:153,16,1,0
BRDA:172,17,0,0
BRDA:172,17,1,0
BRDA:177,18,0,0
BRDA:177,18,1,0
BRDA:180,19,0,0
BRDA:180,19,1,0
BRDA:183,20,0,0
BRDA:183,20,1,0
BRF:42
BRH:0
end_of_record
TN:
SF:middlewares\checker.js
FN:3,eventChecker
FN:20,magnetChecker
FN:38,categoryChecker
FN:56,invitationChecker
FN:68,requestChecker
FN:80,alreadyMadeRequest
FN:99,alreadyMadeInvitation
FN:117,createMagnetCheker
FNF:8
FNH:6
FNDA:22,eventChecker
FNDA:2,magnetChecker
FNDA:12,categoryChecker
FNDA:2,invitationChecker
FNDA:2,requestChecker
FNDA:0,alreadyMadeRequest
FNDA:0,alreadyMadeInvitation
FNDA:9,createMagnetCheker
DA:1,1
DA:4,22
DA:5,22
DA:6,22
DA:11,0
DA:12,0
DA:14,0
DA:17,22
DA:21,2
DA:22,2
DA:23,2
DA:28,0
DA:29,0
DA:31,0
DA:34,2
DA:39,12
DA:40,12
DA:41,12
DA:46,0
DA:47,0
DA:49,0
DA:52,12
DA:57,2
DA:58,2
DA:59,2
DA:60,0
DA:61,0
DA:63,0
DA:65,2
DA:69,2
DA:70,2
DA:71,2
DA:72,0
DA:73,0
DA:75,0
DA:77,2
DA:81,0
DA:82,0
DA:83,0
DA:84,0
DA:90,0
DA:91,0
DA:93,0
DA:96,0
DA:100,0
DA:101,0
DA:102,0
DA:108,0
DA:109,0
DA:111,0
DA:114,0
DA:118,9
DA:119,9
DA:120,9
DA:121,0
DA:123,9
DA:125,0
DA:129,1
LF:58
LH:26
BRDA:11,0,0,0
BRDA:11,0,1,0
BRDA:28,1,0,0
BRDA:28,1,1,0
BRDA:46,2,0,0
BRDA:46,2,1,0
BRDA:60,3,0,0
BRDA:60,3,1,0
BRDA:72,4,0,0
BRDA:72,4,1,0
BRDA:90,5,0,0
BRDA:90,5,1,0
BRDA:108,6,0,0
BRDA:108,6,1,0
BRDA:120,7,0,0
BRDA:120,7,1,9
BRF:16
BRH:1
end_of_record
TN:
SF:middlewares\errorHandler.js
FN:1,errorHandler
FNF:1
FNH:1
FNDA:146,errorHandler
DA:2,146
DA:3,146
DA:7,31
DA:8,115
DA:9,0
DA:10,115
DA:11,0
DA:15,115
DA:16,0
DA:19,115
DA:20,0
DA:23,115
DA:24,0
DA:25,115
DA:26,0
DA:27,115
DA:28,1
DA:29,114
DA:30,2
DA:31,112
DA:32,2
DA:33,110
DA:34,2
DA:35,108
DA:36,2
DA:39,106
DA:40,2
DA:41,104
DA:42,2
DA:43,102
DA:44,2
DA:47,100
DA:48,2
DA:49,98
DA:50,0
DA:53,98
DA:54,0
DA:57,98
DA:58,0
DA:59,98
DA:60,0
DA:61,98
DA:62,0
DA:63,98
DA:64,0
DA:65,98
DA:66,0
DA:67,98
DA:68,0
DA:69,98
DA:70,0
DA:71,98
DA:72,0
DA:75,98
DA:76,0
DA:79,98
DA:80,0
DA:81,98
DA:82,0
DA:85,98
DA:86,0
DA:90,98
DA:91,0
DA:94,98
DA:95,0
DA:98,98
DA:99,0
DA:102,98
DA:103,0
DA:106,98
DA:107,0
DA:110,98
DA:111,0
DA:114,98
DA:115,0
DA:116,98
DA:117,0
DA:118,98
DA:119,0
DA:120,98
DA:121,0
DA:122,98
DA:123,0
DA:125,98
DA:129,1
LF:85
LH:54
BRDA:3,0,0,31
BRDA:3,0,1,115
BRDA:4,1,0,146
BRDA:4,1,1,115
BRDA:8,2,0,0
BRDA:8,2,1,115
BRDA:10,3,0,0
BRDA:10,3,1,115
BRDA:15,4,0,0
BRDA:15,4,1,115
BRDA:19,5,0,0
BRDA:19,5,1,115
BRDA:23,6,0,0
BRDA:23,6,1,115
BRDA:25,7,0,0
BRDA:25,7,1,115
BRDA:27,8,0,1
BRDA:27,8,1,114
BRDA:29,9,0,2
BRDA:29,9,1,112
BRDA:31,10,0,2
BRDA:31,10,1,110
BRDA:33,11,0,2
BRDA:33,11,1,108
BRDA:35,12,0,2
BRDA:35,12,1,106
BRDA:39,13,0,2
BRDA:39,13,1,104
BRDA:41,14,0,2
BRDA:41,14,1,102
BRDA:43,15,0,2
BRDA:43,15,1,100
BRDA:47,16,0,2
BRDA:47,16,1,98
BRDA:49,17,0,0
BRDA:49,17,1,98
BRDA:53,18,0,0
BRDA:53,18,1,98
BRDA:57,19,0,0
BRDA:57,19,1,98
BRDA:59,20,0,0
BRDA:59,20,1,98
BRDA:61,21,0,0
BRDA:61,21,1,98
BRDA:63,22,0,0
BRDA:63,22,1,98
BRDA:65,23,0,0
BRDA:65,23,1,98
BRDA:67,24,0,0
BRDA:67,24,1,98
BRDA:69,25,0,0
BRDA:69,25,1,98
BRDA:71,26,0,0
BRDA:71,26,1,98
BRDA:75,27,0,0
BRDA:75,27,1,98
BRDA:79,28,0,0
BRDA:79,28,1,98
BRDA:81,29,0,0
BRDA:81,29,1,98
BRDA:85,30,0,0
BRDA:85,30,1,98
BRDA:90,31,0,0
BRDA:90,31,1,98
BRDA:94,32,0,0
BRDA:94,32,1,98
BRDA:98,33,0,0
BRDA:98,33,1,98
BRDA:102,34,0,0
BRDA:102,34,1,98
BRDA:106,35,0,0
BRDA:106,35,1,98
BRDA:110,36,0,0
BRDA:110,36,1,98
BRDA:114,37,0,0
BRDA:114,37,1,98
BRDA:116,38,0,0
BRDA:116,38,1,98
BRDA:118,39,0,0
BRDA:118,39,1,98
BRDA:120,40,0,0
BRDA:120,40,1,98
BRDA:122,41,0,0
BRDA:122,41,1,98
BRF:84
BRH:53
end_of_record
TN:
SF:models\category.js
FN:3,(anonymous_0)
FN:10,(anonymous_1)
FNF:2
FNH:2
FNDA:1,(anonymous_0)
FNDA:1,(anonymous_1)
DA:2,1
DA:3,1
DA:12,1
DA:15,1
DA:47,1
LF:5
LH:5
BRF:0
BRH:0
end_of_record
TN:
SF:models\event.js
FN:3,(anonymous_0)
FN:10,(anonymous_1)
FNF:2
FNH:2
FNDA:1,(anonymous_0)
FNDA:1,(anonymous_1)
DA:2,1
DA:3,1
DA:12,1
DA:13,1
DA:14,1
DA:15,1
DA:16,1
DA:19,1
DA:153,1
LF:9
LH:9
BRF:0
BRH:0
end_of_record
TN:
SF:models\index.js
FN:20,(anonymous_0)
FN:23,(anonymous_1)
FN:28,(anonymous_2)
FNF:3
FNH:3
FNDA:7,(anonymous_0)
FNDA:6,(anonymous_1)
FNDA:6,(anonymous_2)
DA:3,1
DA:4,1
DA:5,1
DA:6,1
DA:7,1
DA:8,1
DA:9,1
DA:12,1
DA:13,0
DA:15,1
DA:18,1
DA:21,7
DA:24,6
DA:25,6
DA:28,1
DA:29,6
DA:30,6
DA:34,1
DA:35,1
DA:37,1
LF:20
LH:19
BRDA:7,0,0,1
BRDA:7,0,1,0
BRDA:12,1,0,0
BRDA:12,1,1,1
BRDA:21,2,0,7
BRDA:21,2,1,7
BRDA:21,2,2,6
BRDA:29,3,0,6
BRDA:29,3,1,0
BRF:9
BRH:6
end_of_record
TN:
SF:models\invitation.js
FN:3,(anonymous_0)
FN:10,(anonymous_1)
FNF:2
FNH:2
FNDA:1,(anonymous_0)
FNDA:1,(anonymous_1)
DA:2,1
DA:3,1
DA:13,1
DA:14,1
DA:17,1
DA:74,1
LF:6
LH:6
BRF:0
BRH:0
end_of_record
TN:
SF:models\magnet.js
FN:3,(anonymous_0)
FN:10,(anonymous_1)
FNF:2
FNH:2
FNDA:1,(anonymous_0)
FNDA:1,(anonymous_1)
DA:2,1
DA:3,1
DA:12,1
DA:13,1
DA:14,1
DA:17,1
DA:111,1
LF:7
LH:7
BRF:0
BRH:0
end_of_record
TN:
SF:models\request.js
FN:3,(anonymous_0)
FN:10,(anonymous_1)
FNF:2
FNH:2
FNDA:1,(anonymous_0)
FNDA:1,(anonymous_1)
DA:2,1
DA:3,1
DA:13,1
DA:14,1
DA:17,1
DA:41,1
LF:6
LH:6
BRF:0
BRH:0
end_of_record
TN:
SF:models\user.js
FN:3,(anonymous_0)
FN:10,(anonymous_1)
FNF:2
FNH:2
FNDA:1,(anonymous_0)
FNDA:1,(anonymous_1)
DA:2,1
DA:3,1
DA:12,1
DA:13,1
DA:14,1
DA:18,1
DA:38,1
LF:7
LH:7
BRF:0
BRH:0
end_of_record
TN:
SF:routes\categoryRouter.js
FNF:0
FNH:0
DA:1,1
DA:2,1
DA:4,1
DA:6,1
DA:7,1
DA:8,1
DA:9,1
DA:10,1
DA:15,1
DA:21,1
LF:10
LH:10
BRF:0
BRH:0
end_of_record
TN:
SF:routes\eventsRouter.js
FNF:0
FNH:0
DA:1,1
DA:2,1
DA:4,1
DA:6,1
DA:7,1
DA:8,1
DA:9,1
DA:14,1
DA:15,1
DA:16,1
LF:10
LH:10
BRF:0
BRH:0
end_of_record
TN:
SF:routes\index.js
FNF:0
FNH:0
DA:1,1
DA:2,1
DA:3,1
DA:4,1
DA:5,1
DA:6,1
DA:8,1
DA:9,1
DA:10,1
DA:11,1
DA:12,1
DA:13,1
LF:12
LH:12
BRF:0
BRH:0
end_of_record
TN:
SF:routes\invitationRouter.js
FNF:0
FNH:0
DA:1,1
DA:7,1
DA:13,1
DA:15,1
DA:16,1
DA:25,1
DA:26,1
DA:31,1
DA:36,1
DA:41,1
DA:46,1
DA:52,1
LF:12
LH:12
BRF:0
BRH:0
end_of_record
TN:
SF:routes\magnetsRouter.js
FNF:0
FNH:0
DA:1,1
DA:2,1
DA:3,1
DA:4,1
DA:6,1
DA:7,1
DA:8,1
DA:9,1
DA:10,1
DA:11,1
DA:12,1
LF:11
LH:11
BRF:0
BRH:0
end_of_record
TN:
SF:routes\requestRouter.js
FNF:0
FNH:0
DA:1,1
DA:2,1
DA:8,1
DA:14,1
DA:16,1
DA:17,1
DA:25,1
DA:30,1
DA:35,1
DA:41,1
DA:46,1
DA:52,1
LF:12
LH:12
BRF:0
BRH:0
end_of_record
